/usr/share/fonts: caching, new cache contents: 0 fonts, 3 dirs
/usr/share/fonts/X11: caching, new cache contents: 0 fonts, 6 dirs
/usr/share/fonts/X11/100dpi: caching, new cache contents: 0 fonts, 0 dirs
/usr/share/fonts/X11/75dpi: caching, new cache contents: 0 fonts, 0 dirs
/usr/share/fonts/X11/Type1: caching, new cache contents: 8 fonts, 0 dirs
/usr/share/fonts/X11/encodings: caching, new cache contents: 0 fonts, 1 dirs
/usr/share/fonts/X11/encodings/large: caching, new cache contents: 0 fonts, 0 dirs
/usr/share/fonts/X11/misc: caching, new cache contents: 0 fonts, 0 dirs
/usr/share/fonts/X11/util: caching, new cache contents: 0 fonts, 0 dirs
/usr/share/fonts/truetype: caching, new cache contents: 1 fonts, 13 dirs
/usr/share/fonts/truetype/LCFont: caching, new cache contents: 8 fonts, 0 dirs
/usr/share/fonts/truetype/arphic: caching, new cache contents: 4 fonts, 0 dirs
/usr/share/fonts/truetype/freefont: caching, new cache contents: 12 fonts, 0 dirs
/usr/share/fonts/truetype/openoffice: caching, new cache contents: 1 fonts, 0 dirs
/usr/share/fonts/truetype/sazanami: caching, new cache contents: 2 fonts, 0 dirs
/usr/share/fonts/truetype/thai: caching, new cache contents: 51 fonts, 0 dirs
/usr/share/fonts/truetype/ttf-arabeyes: caching, new cache contents: 39 fonts, 0 dirs
/usr/share/fonts/truetype/ttf-bitstream-vera: caching, new cache contents: 10 fonts, 0 dirs
/usr/share/fonts/truetype/ttf-dejavu: caching, new cache contents: 21 fonts, 0 dirs
/usr/share/fonts/truetype/ttf-indic-fonts-core: caching, new cache contents: 11 fonts, 0 dirs
/usr/share/fonts/truetype/ttf-lao: caching, new cache contents: 1 fonts, 0 dirs
/usr/share/fonts/truetype/unfonts: caching, new cache contents: 4 fonts, 0 dirs
/usr/share/fonts/truetype/vlgothic: caching, new cache contents: 2 fonts, 0 dirs
/usr/share/fonts/type1: caching, new cache contents: 0 fonts, 1 dirs
/usr/share/fonts/type1/gsfonts: caching, new cache contents: 35 fonts, 0 dirs
/usr/share/X11/fonts: skipping, no such directory
/usr/local/share/fonts: caching, new cache contents: 0 fonts, 0 dirs
/root/.fonts: skipping, no such directory
/usr/share/fonts/truetype/ttf-malayalam-fonts: skipping, no such directory
/var/cache/fontconfig: cleaning cache directory
/root/.fontconfig: not cleaning non-existent cache directory
fc-cache: succeeded
